<?xml version="1.0" encoding="UTF-8"?>
<!-- Generated by org.testng.reporters.JUnitReportReporter -->
<testsuite skipped="0" hostname="Eldrid" name="tests.AddContactTest" tests="1" failures="0" timestamp="23 Feb 2020 19:13:49 GMT" time="46.283" errors="0">
  <testcase name="AddingContact" time="46.283" classname="tests.AddContactTest"/>
</testsuite> <!-- tests.AddContactTest -->
