<?xml version="1.0" encoding="UTF-8"?>
<!-- Generated by org.testng.reporters.JUnitReportReporter -->
<testsuite skipped="0" hostname="Eldrid" name="tests.LoginTest" tests="1" failures="0" timestamp="23 Feb 2020 00:16:48 GMT" time="12.142" errors="0">
  <testcase name="TecfiosLogin" time="12.142" classname="tests.LoginTest"/>
</testsuite> <!-- tests.LoginTest -->
